annotated-types==0.6.0
anyio==4.2.0
astroid==3.0.3
Babel==2.14.0
black==24.1.1
certifi==2024.2.2
cffi==1.16.0
charset-normalizer==3.3.2
click==8.1.7
colorama==0.4.6
coverage==7.4.1
cryptography==42.0.2
dill==0.3.8
distlib==0.3.8
editables==0.5
exceptiongroup==1.2.0
filelock==3.13.1
flake8==7.0.0
ghp-import==2.1.0
h11==0.14.0
hatch==1.9.3
hatchling==1.21.1
httpcore==1.0.2
httpx==0.26.0
hyperlink==21.0.0
idna==3.6
importlib-metadata==7.0.1
iniconfig==2.0.0
isort==5.13.2
jaraco.classes==3.3.0
jeepney==0.8.0
Jinja2==3.1.3
keyring==24.3.0
Markdown==3.5.2
markdown-include==0.8.1
markdown-it-py==3.0.0
MarkupSafe==2.1.5
mccabe==0.7.0
mdurl==0.1.2
mdx-truly-sane-lists==1.3
mergedeep==1.3.4
mkdocs==1.5.3
mkdocs-exclude==1.0.2
mkdocs-material==9.5.8
mkdocs-material-extensions==1.3.1
more-itertools==10.2.0
mypy==1.8.0
mypy-extensions==1.0.0
packaging==23.2
paginate==0.5.6
pathspec==0.12.1
pexpect==4.9.0
platformdirs==4.2.0
pluggy==1.4.0
ptyprocess==0.7.0
py-cpuinfo==9.0.0
pycodestyle==2.11.1
pycparser==2.21
pydantic==2.6.1
pydantic_core==2.16.2
pyflakes==3.2.0
Pygments==2.17.2
pylint==3.0.3
pymdown-extensions==10.7
pytest==8.0.0
pytest-benchmark==4.0.0
pytest-cov==4.1.0
python-dateutil==2.8.2
PyYAML==6.0.1
pyyaml_env_tag==0.1
regex==2023.12.25
requests==2.31.0
rich==13.7.0
ruff==0.2.1
SecretStorage==3.3.3
shellingham==1.5.4
six==1.16.0
sniffio==1.3.0
tabulate==0.9.0
tomli==2.0.1
tomli_w==1.0.0
tomlkit==0.12.3
trove-classifiers==2024.1.31
typing_extensions==4.9.0
urllib3==2.2.0
userpath==1.9.1
virtualenv==20.25.0
watchdog==4.0.0
zipp==3.17.0
zstandard==0.22.0
