astroid==4.0.4
babel==2.18.0
backrefs==6.2
beautifulsoup4==4.14.3
black==26.3.1
build==1.4.4
certifi==2026.4.22
charset-normalizer==3.4.7
click==8.3.3
colorama==0.4.6
coverage==7.13.5
dill==0.4.1
exceptiongroup==1.3.1
ghp-import==2.1.0
idna==3.13
iniconfig==2.3.0
isort==8.0.1
Jinja2==3.1.6
librt==0.9.0
Markdown==3.10.2
markdown-include==0.8.1
markdown-it-py==3.0.0
markdownify==1.2.2
MarkupSafe==3.0.3
mccabe==0.7.0
mdformat==0.7.22
mdformat_tables==1.0.0
mdurl==0.1.2
mdx-truly-sane-lists==1.3
mergedeep==1.3.4
mkdocs==1.6.1
mkdocs-exclude==1.0.2
mkdocs-get-deps==0.2.2
mkdocs-llmstxt==0.5.0
mkdocs-material==9.7.6
mkdocs-material-extensions==1.3.1
mypy==1.20.2
mypy_extensions==1.1.0
packaging==26.2
paginate==0.5.7
pathspec==1.1.0
platformdirs==4.9.6
pluggy==1.6.0
py-cpuinfo==9.0.0
Pygments==2.20.0
pylint==4.0.5
pymdown-extensions==10.21.2
pyproject_hooks==1.2.0
pytest==9.0.3
pytest-benchmark==5.2.3
pytest-cov==7.1.0
python-dateutil==2.9.0.post0
pytokens==0.4.1
PyYAML==6.0.3
pyyaml_env_tag==1.1
requests==2.33.1
ruff==0.15.12
six==1.17.0
soupsieve==2.8.3
tabulate==0.10.0
tomli==2.4.1
tomlkit==0.14.0
typing_extensions==4.15.0
urllib3==2.6.3
watchdog==6.0.0
wcwidth==0.6.0
